<?xml version="1.0" encoding="UTF-8"?>
<testsuite name="BinStringTestOriginal" tests="3" skipped="0" failures="0" errors="0" timestamp="2018-10-24T13:13:30" hostname="Mário" time="0.011">
  <properties/>
  <testcase name="testSumFunction()" classname="BinStringTestOriginal" time="0.007"/>
  <testcase name="testTotalConversion()" classname="BinStringTestOriginal" time="0.002"/>
  <testcase name="testBinariseFunction()" classname="BinStringTestOriginal" time="0.0"/>
  <system-out><![CDATA[]]></system-out>
  <system-err><![CDATA[]]></system-err>
</testsuite>
